[INFO] [2026-01-29 14:01:06] [RUN] Hadoop Upload Service..
[INFO] [2026-01-29 14:01:06] [SKIP] 라인 수 부족.. Retry.. 현재 라인: 27
[INFO] [2026-01-29 14:01:16] [SKIP] 라인 수 부족.. Retry.. 현재 라인: 27
[INFO] [2026-01-29 14:01:26] [SKIP] 라인 수 부족.. Retry.. 현재 라인: 27
[INFO] [2026-01-29 14:01:36] [SKIP] 라인 수 부족.. Retry.. 현재 라인: 27
[INFO] [2026-01-29 14:01:36] [END] Hadoop Upload Service.. 스탑 파일 확인..
[INFO] [2026-01-29 14:09:02] [RUN] Hadoop Upload Service..
[INFO] [2026-01-29 14:09:02] [SKIP] 라인 수 부족.. Retry.. 현재 라인: 27
[INFO] [2026-01-29 14:09:13] [SKIP] 라인 수 부족.. Retry.. 현재 라인: 27
[INFO] [2026-01-29 14:09:23] [SKIP] 라인 수 부족.. Retry.. 현재 라인: 27
[INFO] [2026-01-29 14:09:33] [SKIP] 라인 수 부족.. Retry.. 현재 라인: 27
[INFO] [2026-01-29 14:09:43] [SKIP] 라인 수 부족.. Retry.. 현재 라인: 27
[INFO] [2026-01-29 14:09:53] [SKIP] 라인 수 부족.. Retry.. 현재 라인: 27
[INFO] [2026-01-29 14:10:03] [SKIP] 라인 수 부족.. Retry.. 현재 라인: 27
[INFO] [2026-01-29 14:10:13] [SKIP] 라인 수 부족.. Retry.. 현재 라인: 27
[INFO] [2026-01-29 14:10:23] [SKIP] 라인 수 부족.. Retry.. 현재 라인: 27
[INFO] [2026-01-29 14:10:34] [SKIP] 라인 수 부족.. Retry.. 현재 라인: 30
[INFO] [2026-01-29 14:10:44] [SKIP] 라인 수 부족.. Retry.. 현재 라인: 30
[INFO] [2026-01-29 14:10:54] [SKIP] 라인 수 부족.. Retry.. 현재 라인: 33
[INFO] [2026-01-29 14:11:04] [SKIP] 라인 수 부족.. Retry.. 현재 라인: 36
[INFO] [2026-01-29 14:11:14] [SKIP] 라인 수 부족.. Retry.. 현재 라인: 39
[INFO] [2026-01-29 14:11:24] [SKIP] 라인 수 부족.. Retry.. 현재 라인: 42
[INFO] [2026-01-29 14:11:34] [SKIP] 라인 수 부족.. Retry.. 현재 라인: 42
[INFO] [2026-01-29 14:11:45] [SKIP] 라인 수 부족.. Retry.. 현재 라인: 45
[INFO] [2026-01-29 14:11:55] [SKIP] 라인 수 부족.. Retry.. 현재 라인: 48
[INFO] [2026-01-29 14:11:55] [END] Hadoop Upload Service.. 스탑 파일 확인..
[INFO] [2026-01-29 14:14:09] [RUN] Hadoop Upload Service..
[INFO] [2026-01-29 14:14:10] [SKIP] 라인 수 부족.. Retry.. 현재 라인: 78
[INFO] [2026-01-29 14:14:20] [SKIP] 라인 수 부족.. Retry.. 현재 라인: 81
[INFO] [2026-01-29 14:14:30] [SKIP] 라인 수 부족.. Retry.. 현재 라인: 84
[INFO] [2026-01-29 14:14:41] [SKIP] 라인 수 부족.. Retry.. 현재 라인: 87
[INFO] [2026-01-29 14:14:51] [SKIP] 라인 수 부족.. Retry.. 현재 라인: 90
[INFO] [2026-01-29 14:15:01] [SKIP] 라인 수 부족.. Retry.. 현재 라인: 93
[INFO] [2026-01-29 14:15:12] [SKIP] 라인 수 부족.. Retry.. 현재 라인: 93
[INFO] [2026-01-29 14:15:22] [SKIP] 라인 수 부족.. Retry.. 현재 라인: 96
[INFO] [2026-01-29 14:15:32] [SKIP] 라인 수 부족.. Retry.. 현재 라인: 99
[INFO] [2026-01-29 14:15:43] [RUN] hadoop upload 처리 중.. (라인 수: 102, 파일: 34개)
[INFO] [2026-01-29 14:15:46] [RUN] hadoop upload 완료.. (라인 수: 102, 파일: 34개)
[INFO] [2026-01-29 14:15:56] [SKIP] 라인 수 부족.. Retry.. 현재 라인: 3
[INFO] [2026-01-29 14:16:06] [SKIP] 라인 수 부족.. Retry.. 현재 라인: 6
[INFO] [2026-01-29 14:16:16] [SKIP] 라인 수 부족.. Retry.. 현재 라인: 9
[INFO] [2026-01-29 14:16:16] [END] Hadoop Upload Service.. 스탑 파일 확인..
